Chronologic VCS simulator copyright 1991-2016
Contains Synopsys proprietary information.
Compiler version L-2016.06-SP2-4_Full64; Runtime version L-2016.06-SP2-4_Full64;  Apr 15 13:54 2020
VCD+ Writer L-2016.06-SP2-4_Full64 Copyright (c) 1991-2016 by Synopsys Inc.
The file '/home/ugrads/c/caleb.greenstreet/Documents/ECEN-350/Lab09/inter.vpd' was opened successfully.
CurrentPC:0000000000000004
CurrentPC:0000000000000008
CurrentPC:000000000000000c
CurrentPC:0000000000000010
CurrentPC:0000000000000014
CurrentPC:0000000000000018
CurrentPC:000000000000001c
CurrentPC:0000000000000020
CurrentPC:0000000000000024
CurrentPC:0000000000000028
CurrentPC:000000000000002c
CurrentPC:0000000000000020
CurrentPC:0000000000000024
CurrentPC:0000000000000028
CurrentPC:000000000000002c
CurrentPC:0000000000000020
CurrentPC:0000000000000024
CurrentPC:0000000000000028
CurrentPC:000000000000002c
CurrentPC:0000000000000020
CurrentPC:0000000000000024
CurrentPC:0000000000000028
CurrentPC:000000000000002c
CurrentPC:0000000000000020
CurrentPC:0000000000000024
CurrentPC:0000000000000028
CurrentPC:000000000000002c
CurrentPC:0000000000000020
CurrentPC:0000000000000024
CurrentPC:0000000000000028
CurrentPC:000000000000002c
CurrentPC:0000000000000020
CurrentPC:0000000000000024
CurrentPC:0000000000000028
CurrentPC:000000000000002c
CurrentPC:0000000000000020
CurrentPC:0000000000000024
CurrentPC:0000000000000028
CurrentPC:000000000000002c
CurrentPC:0000000000000020
CurrentPC:0000000000000024
CurrentPC:0000000000000028
CurrentPC:000000000000002c
CurrentPC:0000000000000020
CurrentPC:0000000000000024
CurrentPC:0000000000000028
CurrentPC:000000000000002c
CurrentPC:0000000000000020
CurrentPC:0000000000000024
CurrentPC:0000000000000028
CurrentPC:000000000000002c
CurrentPC:0000000000000020
CurrentPC:0000000000000024
CurrentPC:0000000000000028
CurrentPC:000000000000002c
CurrentPC:0000000000000020
CurrentPC:0000000000000024
CurrentPC:0000000000000028
CurrentPC:000000000000002c
CurrentPC:0000000000000020
CurrentPC:0000000000000024
CurrentPC:0000000000000028
CurrentPC:000000000000002c
CurrentPC:0000000000000020
CurrentPC:0000000000000024
CurrentPC:0000000000000028
CurrentPC:000000000000002c
CurrentPC:0000000000000020
CurrentPC:0000000000000030
CurrentPC:0000000000000034
             Results of Program 1 failed: 0xzzzzzzzzzzzzzzzz should be 0x000000000000000f
Some tests failed:   0 of   2 passed
$finish called from file "SingleCycleProcTest.v", line 96.
$finish at simulation time              8761000
Simulation complete, time is 8761000 ps.
Warning: [DVSW307] 
Could not find any driver for signal: 'SingleCycleProcTest_v.dMemOut[63:0]'.
           V C S   S i m u l a t i o n   R e p o r t 
Time: 8761000 ps
CPU Time:      0.170 seconds;       Data structure size:   0.0Mb
Wed Apr 15 13:55:56 2020
