# Preference setting overrides
gui_create_pref_key -category {Globals} -key {load_detail_for_funcov} -value_type {bool} -value {false}

# State setting overrides
gui_state_default_create -off -ini
gui_set_state_value -category Globals -key recent_sessions -value {{gui_load_session -ignore_errors -file /home/ugrads/c/caleb.greenstreet/Lab06/DVEfiles//crash_03.05-10.08/dve_session03.05-10.08.tcl} {gui_load_session -ignore_errors -file /home/ugrads/c/caleb.greenstreet/Lab06/DVEfiles//crash_03.05-10.04/dve_session03.05-10.04.tcl} {gui_load_session -ignore_errors -file /home/ugrads/c/caleb.greenstreet/Lab06/DVEfiles//crash_03.05-09.57/dve_session03.05-09.57.tcl} {gui_load_session -ignore_errors -file /home/ugrads/c/caleb.greenstreet/Lab06/DVEfiles//crash_03.05-09.56/dve_session03.05-09.56.tcl} {gui_load_session -ignore_errors -file /home/ugrads/c/caleb.greenstreet/Lab06/DVEfiles//crash_03.05-09.55/dve_session03.05-09.55.tcl}}
gui_set_state_value -category Layout -key child_console_size_x -value 1267
gui_set_state_value -category Layout -key child_console_size_y -value 167
gui_set_state_value -category Layout -key child_data_size_x -value 251
gui_set_state_value -category Layout -key child_data_size_y -value 1062
gui_set_state_value -category Layout -key child_driver_size_x -value 1005
gui_set_state_value -category Layout -key child_driver_size_y -value 179
gui_set_state_value -category Layout -key child_hier_col3 -value {-1}
gui_set_state_value -category Layout -key child_hier_colpd -value 0
gui_set_state_value -category Layout -key child_hier_size_x -value 162
gui_set_state_value -category Layout -key child_hier_size_y -value 1062
gui_set_state_value -category Layout -key child_source_docknewline -value false
gui_set_state_value -category Layout -key child_source_pos_x -value {-2}
gui_set_state_value -category Layout -key child_source_pos_y -value {-15}
gui_set_state_value -category Layout -key child_source_size_x -value 857
gui_set_state_value -category Layout -key child_source_size_y -value 1057
gui_set_state_value -category Layout -key child_wave_colname -value 183
gui_set_state_value -category Layout -key child_wave_colvalue -value 183
gui_set_state_value -category Layout -key child_wave_left -value 371
gui_set_state_value -category Layout -key child_wave_right -value 904
gui_set_state_value -category Layout -key main_pos_x -value 0
gui_set_state_value -category Layout -key main_pos_y -value 0
gui_set_state_value -category Layout -key main_size_x -value 1267
gui_set_state_value -category Layout -key main_size_y -value 1328
gui_set_state_value -category Layout -key stand_wave_child_docknewline -value false
gui_set_state_value -category Layout -key stand_wave_child_pos_x -value {-2}
gui_set_state_value -category Layout -key stand_wave_child_pos_y -value {-15}
gui_set_state_value -category Layout -key stand_wave_child_size_x -value 1285
gui_set_state_value -category Layout -key stand_wave_child_size_y -value 838
gui_set_state_value -category Layout -key stand_wave_top_pos_x -value 263
gui_set_state_value -category Layout -key stand_wave_top_pos_y -value 66
gui_set_state_value -category Layout -key stand_wave_top_size_x -value 1543
gui_set_state_value -category Layout -key stand_wave_top_size_y -value 1008
gui_create_state_key -category FindDialog -key m_pMatchCase -value_type bool -value false
gui_create_state_key -category FindDialog -key m_pMatchWord -value_type bool -value false
gui_create_state_key -category FindDialog -key m_pUseCombo -value_type string -value {}
gui_create_state_key -category FindDialog -key m_pWrapAround -value_type bool -value true
gui_state_default_create -off

# Begin command logging
gui_sim_run Ucli -exe ./SingleCycleSIM -args {-ucligui  } -dir .
gui_close_window -window Source.1
#gui_exit

