23:58:27    16 -->                                                             [tcl] ucliGUI::connect -toolargs -ucligui -toolexe ./SingleCycleSIM -pid 18605 -toolin /tmp/vcs_20200409045823_18604_caleb.greenstreet..stdin -toolout /tmp/vcs_20200409045823_18604_caleb.greenstreet..stdout  
23:58:27    17 -->                                                                 [tcl] set ucliGUI::state
23:58:27    18 -->                                                                     [tcl] gui_update_simulator_buttons
23:58:29    19 -->                                                                         [tcl] set ucliGUI::state
23:58:29    20 -->                                                                             [tcl] ucliCore::getToolPID
23:58:29    21 -->                                                                                 [tcl] synopsys::env hasTB
23:58:29    22 -->                                                                                     [tcl] trigger_hier_stack_context_switch 0
23:58:29    23 -->                                                                                         [tcl] synUtils::setDVEInitPhase 1
23:58:29    24 -->                                                                                             [tcl] gui_get_env SIMSETUP::SIMVPD
23:58:29    25 --> ...  [tcl] synopsys::dump -type VPD -file /home/ugrads/c/caleb.greenstreet/Documents/ECEN-350/Lab09/inter.vpd -locking
23:58:29    26 --> ...      [tcl] synopsys::dump -autoflush on -fid VPD0
23:58:29    27 --> ...          [tcl] set ::dve_fid VPD0
23:58:29    28 --> ...              [tcl] synUtils::setDVEInitPhase 0
23:58:29    29 --> ...                  [tcl] ucliCore::getToolPID
23:58:29    30 --> ...                      [tcl] synUtils::sendTool -active _icl_setToolSocket /tmp/smlnpqrZcRr
23:58:29    31 --> ...                          [tcl] synUtils::sendTool -active {_icl_start_rpc -single_cpu -version "L-2016.06-SP2-4_Full64" -sync_file /tmp/vcs_dve_rpc.caleb.greenstreet.18605}
23:58:29    32 --> ...                              [tcl] synUtils::sendTool -active {_icl_createSharedMemory /tmp/vcs_dve_general.caleb.greenstreet.18605}
23:58:29    33 --> ...                                  [tcl] dveMisc::vbusExpand SingleCycleProcTest_v
23:58:30    34 --> ...                                      [tcl] config endofsim noexit
23:58:30    35 --> ...                                          [tcl] config onfail enable all
23:58:30    36 --> ...                                              [tcl] config syscaddplainmembers
23:58:30    37 --> ...                                                  [tcl] config syscaddsourcenames
23:58:30    38 --> ...                                                      [tcl] config syscaddstructtypes
23:58:30    39 --> ...                                                          [tcl] synopsys::listing -disable
23:58:43    40 --> ...                                                              [tcl] if [catch {gui_sim_terminate}] {gui_sim_terminate -kill}
23:58:43    41 --> ...                                                                  [tcl] synopsys::finish
23:58:43    42 --> ...                                                                      [tcl] set ucliGUI::state
23:58:43    43 --> ...                                                                          [tcl] gui_update_simulator_buttons
23:58:43    44 --> ...                                                                              [tcl] set ucliGUI::state
23:58:43    45 --> ...                                                                                  [tcl] catch {senv activeDomain} dveMisc::result 
23:58:43    46 --> ...                                                                                      [tcl] set dveMisc::result
23:58:43    47 --> ...                                                                                          [tcl] gui_update_simulator_buttons
23:58:43    48 --> ...                                                                                              [tcl] catch {senv activeDomain} dveMisc::result 
23:58:43    49 --> ...                                                                                                  [tcl] set dveMisc::result
23:58:43    50 --> ...  [tcl] ucli_exit
