set ucliGUI::state
set ucliGUI::state
ucliCore::getToolPID
synopsys::env hasTB
trigger_hier_stack_context_switch 0
synUtils::setDVEInitPhase 1
synopsys::dump -type VPD -file /home/ugrads/c/caleb.greenstreet/Documents/ECEN-350/Lab07/inter.vpd -locking
synopsys::dump -autoflush on -fid VPD0
set ::dve_fid VPD0
synUtils::setDVEInitPhase 0
ucliCore::getToolPID
synUtils::sendTool -active _icl_setToolSocket /tmp/smlnpggdAxO
synUtils::sendTool -active {_icl_start_rpc -single_cpu -version "L-2016.06-SP2-4_Full64" -sync_file /tmp/vcs_dve_rpc.caleb.greenstreet.8331}
synUtils::sendTool -active {_icl_createSharedMemory /tmp/vcs_dve_general.caleb.greenstreet.8331}
config endofsim noexit
config onfail enable all
config syscaddplainmembers
config syscaddsourcenames
config syscaddstructtypes
synopsys::listing -disable
ucliGUI::getSignalValues -scope ImmGeneratorTest -radix {binary } -list {{passed[7]} }
ucliGUI::getSignalValues -scope ImmGeneratorTest -radix {binary } -list {{passed[6]} }
ucliGUI::getSignalValues -scope ImmGeneratorTest -radix {binary } -list {{Imm[8]} }
synopsys::dump -add {ImmGeneratorTest} -scope "." -depth 1 -fid VPD0
synopsys::run
set ucliGUI::state
set ucliGUI::state
set ucliGUI::state
set ucliGUI::state
ucliGUI::getSignalValues -scope ImmGeneratorTest -radix {binary binary } -list {{passed[7]} {passed[6]} }
ucliGUI::getSignalValues -scope ImmGeneratorTest -radix {binary } -list {{Imm[8]} }
ucliCore::getToolPID
if [catch {gui_sim_terminate}] {gui_sim_terminate -kill}
synopsys::finish
set ucliGUI::state
set ucliGUI::state
ucli_exit
