# Preference setting overrides
gui_create_pref_key -category {Globals} -key {load_detail_for_funcov} -value_type {bool} -value {false}

# State setting overrides
gui_state_default_create -off -ini
gui_set_state_value -category Globals -key recent_sessions -value {{gui_load_session -ignore_errors -file /home/ugrads/c/caleb.greenstreet/Lab06/DVEfiles//crash_03.05-10.08/dve_session03.05-10.08.tcl} {gui_load_session -ignore_errors -file /home/ugrads/c/caleb.greenstreet/Lab06/DVEfiles//crash_03.05-10.04/dve_session03.05-10.04.tcl} {gui_load_session -ignore_errors -file /home/ugrads/c/caleb.greenstreet/Lab06/DVEfiles//crash_03.05-09.57/dve_session03.05-09.57.tcl} {gui_load_session -ignore_errors -file /home/ugrads/c/caleb.greenstreet/Lab06/DVEfiles//crash_03.05-09.56/dve_session03.05-09.56.tcl} {gui_load_session -ignore_errors -file /home/ugrads/c/caleb.greenstreet/Lab06/DVEfiles//crash_03.05-09.55/dve_session03.05-09.55.tcl}}
gui_set_state_value -category Layout -key child_console_size_x -value 1268
gui_set_state_value -category Layout -key child_console_size_y -value 168
gui_set_state_value -category Layout -key child_data_size_x -value 252
gui_set_state_value -category Layout -key child_data_size_y -value 1066
gui_set_state_value -category Layout -key child_driver_size_x -value 1005
gui_set_state_value -category Layout -key child_driver_size_y -value 179
gui_set_state_value -category Layout -key child_hier_col3 -value {-1}
gui_set_state_value -category Layout -key child_hier_colpd -value 0
gui_set_state_value -category Layout -key child_hier_size_x -value 163
gui_set_state_value -category Layout -key child_hier_size_y -value 1066
gui_set_state_value -category Layout -key child_source_docknewline -value false
gui_set_state_value -category Layout -key child_source_pos_x -value {-2}
gui_set_state_value -category Layout -key child_source_pos_y -value {-15}
gui_set_state_value -category Layout -key child_source_size_x -value 856
gui_set_state_value -category Layout -key child_source_size_y -value 1061
gui_set_state_value -category Layout -key child_wave_colname -value 183
gui_set_state_value -category Layout -key child_wave_colvalue -value 183
gui_set_state_value -category Layout -key child_wave_left -value 371
gui_set_state_value -category Layout -key child_wave_right -value 905
gui_set_state_value -category Layout -key main_pos_x -value 0
gui_set_state_value -category Layout -key main_pos_y -value 0
gui_set_state_value -category Layout -key main_size_x -value 1268
gui_set_state_value -category Layout -key main_size_y -value 1329
gui_set_state_value -category Layout -key stand_wave_child_docknewline -value false
gui_set_state_value -category Layout -key stand_wave_child_pos_x -value {-2}
gui_set_state_value -category Layout -key stand_wave_child_pos_y -value {-15}
gui_set_state_value -category Layout -key stand_wave_child_size_x -value 1286
gui_set_state_value -category Layout -key stand_wave_child_size_y -value 1235
gui_set_state_value -category Layout -key stand_wave_top_pos_x -value 263
gui_set_state_value -category Layout -key stand_wave_top_pos_y -value 66
gui_set_state_value -category Layout -key stand_wave_top_size_x -value 1544
gui_set_state_value -category Layout -key stand_wave_top_size_y -value 1405
gui_create_state_key -category FindDialog -key m_pMatchCase -value_type bool -value false
gui_create_state_key -category FindDialog -key m_pMatchWord -value_type bool -value false
gui_create_state_key -category FindDialog -key m_pUseCombo -value_type string -value {}
gui_create_state_key -category FindDialog -key m_pWrapAround -value_type bool -value true
gui_state_default_create -off

# Begin command logging
gui_sim_run Ucli -exe ./simv -args {-ucligui  } -dir .
gui_list_expand -id  Data.1   {ImmGeneratorTest.passed[7:0]}
gui_data_toggle_value_annotate -id  Data.1   {ImmGeneratorTest.passed[7]}
gui_list_select -id Data.1 -selected  { {ImmGeneratorTest.passed[7]}   }
gui_data_toggle_value_annotate -id  Data.1   {ImmGeneratorTest.passed[6]}
gui_list_select -id Data.1 -selected  { {ImmGeneratorTest.passed[6]}   }
gui_list_select -id Data.1 -selected  { {ImmGeneratorTest.passed[7]}   }
gui_list_select -id Data.1 -selected  { {ImmGeneratorTest.passed[7:0]}   }
gui_list_select -id Data.1 -selected  { {ImmGeneratorTest.Imm[25:0]}   }
gui_list_expand -id  Data.1   {ImmGeneratorTest.Imm[25:0]}
gui_list_collapse -id  Data.1   {ImmGeneratorTest.Imm[25:0]}
gui_list_expand -id  Data.1   {ImmGeneratorTest.Imm[25:0]}
gui_list_select -id Data.1 -selected  { {ImmGeneratorTest.Imm[7]}   }
gui_list_select -id Data.1 -selected  { {ImmGeneratorTest.Imm[8]}   }
gui_data_toggle_value_annotate -id  Data.1   {ImmGeneratorTest.Imm[8]}
gui_list_collapse -id  Data.1   {ImmGeneratorTest.Imm[25:0]}
gui_open_window Wave
gui_list_add -id Wave.1 -from Hier.1 { ImmGeneratorTest } -insertionbar
gui_list_expand -id  Wave.1   {ImmGeneratorTest.passed[7:0]}
gui_list_select -id Hier.1 -current_item_name ImmGeneratorTest -current_item_type Scope  -selected  {  }
gui_sim_continue  
gui_list_select -id Wave.1 -selected  { {ImmGeneratorTest.passed[1]}   }
gui_list_select -id Wave.1 -selected  { {ImmGeneratorTest.passed[0]}   }
gui_list_select -id Wave.1 -selected  { {ImmGeneratorTest.passed[1]}   }
gui_list_select -id Wave.1 -selected  { {ImmGeneratorTest.passed[2]}   }
gui_zoom -window Wave.1 -factor 2
gui_zoom -window Wave.1 -factor 2
gui_zoom -window Wave.1 -factor 2
gui_zoom -window Wave.1 -factor 2
gui_zoom -window Wave.1 -factor 2
gui_zoom -window Wave.1 -factor 2
gui_list_select -id Wave.1 -selected  { {ImmGeneratorTest.Imm[25:0]}   }
gui_list_expand -id  Wave.1   {ImmGeneratorTest.Imm[25:0]}
gui_list_expand -id  Wave.1   {ImmGeneratorTest.SignOp[1:0]}
gui_list_select -id Wave.1 -selected  { {ImmGeneratorTest.SignOp[1]}   }
gui_list_select -id Wave.1 -selected  { {ImmGeneratorTest.SignOp[0]}   }
gui_list_select -id Wave.1 -selected  { {ImmGeneratorTest.SignOp[1]}   }
gui_list_select -id Wave.1 -selected  { {ImmGeneratorTest.SignOp[0]}   }
gui_list_collapse -id  Wave.1   {ImmGeneratorTest.Imm[25:0]}
gui_list_expand -id  Wave.1   {ImmGeneratorTest.BusImm[63:0]}
gui_list_collapse -id  Wave.1   {ImmGeneratorTest.BusImm[63:0]}
gui_list_expand -id  Data.1   {ImmGeneratorTest.Imm[25:0]}
gui_list_select -id Hier.1 -current_item_name ImmGeneratorTest -current_item_type Scope  -selected  { ImmGeneratorTest   }
gui_marker_move -id  Wave.1 C1 170001
gui_close_window -window Source.1
#gui_exit

